<?xml version="1.0" encoding="UTF-8"?>
<!-- Generated by org.testng.reporters.JUnitReportReporter -->
<testsuite hostname="DESKTOP-ELU3M4T" failures="0" tests="1" name="testScripts.HomePageTest" time="10.912" errors="0" timestamp="2024-08-30T15:53:52 IST" skipped="0">
  <testcase classname="testScripts.HomePageTest" name="verifyUserLoginDate" time="10.912"/>
</testsuite> <!-- testScripts.HomePageTest -->
