<?xml version="1.0" encoding="UTF-8"?>
<!-- Generated by org.testng.reporters.JUnitReportReporter -->
<testsuite hostname="DESKTOP-ELU3M4T" failures="0" tests="4" name="testScripts.LoginPageTest" time="39.720" errors="0" timestamp="2024-08-30T15:53:52 IST" skipped="0">
  <testcase classname="testScripts.LoginPageTest" name="verifyUserLoginWithInvalidCredentials" time="8.073"/>
  <testcase classname="testScripts.LoginPageTest" name="verifyValidUserLogin" time="13.128"/>
  <testcase classname="testScripts.LoginPageTest" name="verifyUserLoginWithInvalidCredentials" time="9.507"/>
  <testcase classname="testScripts.LoginPageTest" name="verifyUserLoginWithInvalidCredentials" time="9.012"/>
</testsuite> <!-- testScripts.LoginPageTest -->
