<?xml version="1.0" encoding="UTF-8"?>
<!-- Generated by org.testng.reporters.JUnitReportReporter -->
<testsuite hostname="DESKTOP-ELU3M4T" failures="0" tests="1" name="testScripts.HomePageTest" time="10.759" errors="0" timestamp="2024-09-10T19:52:55 IST" skipped="0">
  <testcase classname="testScripts.HomePageTest" name="verifyUserLoginDate" time="10.759"/>
</testsuite> <!-- testScripts.HomePageTest -->
