<?xml version="1.0" encoding="UTF-8"?>
<!-- Generated by org.testng.reporters.JUnitReportReporter -->
<testsuite hostname="DESKTOP-ELU3M4T" failures="0" tests="2" name="testScripts.UsersPageTest" time="50.825" errors="0" timestamp="2024-09-10T19:52:55 IST" skipped="0">
  <testcase classname="testScripts.UsersPageTest" name="verifyViewUser" time="15.109"/>
  <testcase classname="testScripts.UsersPageTest" name="verifyDeleteUser" time="35.716"/>
</testsuite> <!-- testScripts.UsersPageTest -->
