<?xml version="1.0" encoding="UTF-8"?>
<!-- Generated by org.testng.reporters.JUnitReportReporter -->
<testsuite hostname="DESKTOP-ELU3M4T" failures="0" tests="1" name="testScripts.UserProfilePageTest" time="12.380" errors="0" timestamp="2024-09-10T20:33:47 IST" skipped="0">
  <testcase classname="testScripts.UserProfilePageTest" name="verifyEditProfile" time="12.380"/>
</testsuite> <!-- testScripts.UserProfilePageTest -->
