<?xml version="1.0" encoding="UTF-8"?>
<!-- Generated by org.testng.reporters.JUnitReportReporter -->
<testsuite hostname="DESKTOP-ELU3M4T" failures="0" tests="2" name="testScripts.CreateUsersPageTest" time="71.895" errors="0" timestamp="2024-09-10T20:33:47 IST" skipped="0">
  <testcase classname="testScripts.CreateUsersPageTest" name="verifyLoginWithNewlyAddedUser" time="38.757"/>
  <testcase classname="testScripts.CreateUsersPageTest" name="verifyAddNewUser" time="33.138"/>
</testsuite> <!-- testScripts.CreateUsersPageTest -->
