<?xml version="1.0" encoding="UTF-8"?>
<!-- Generated by org.testng.reporters.JUnitReportReporter -->
<testsuite hostname="DESKTOP-ELU3M4T" failures="0" tests="1" name="testScripts.ImportContactsPageTest" time="19.549" errors="0" timestamp="2024-08-30T13:03:35 IST" skipped="0">
  <testcase classname="testScripts.ImportContactsPageTest" name="verifyImportCustomerContacts" time="19.549"/>
</testsuite> <!-- testScripts.ImportContactsPageTest -->
