<?xml version="1.0" encoding="UTF-8"?>
<!-- Generated by org.testng.reporters.JUnitReportReporter -->
<testsuite hostname="DESKTOP-ELU3M4T" failures="0" tests="1" name="testScripts.CreateUsersPageTest" time="30.159" errors="0" timestamp="2024-08-22T17:59:43 IST" skipped="0">
  <testcase classname="testScripts.CreateUsersPageTest" name="verifyLoginWithNewlyAddedUser" time="30.159"/>
</testsuite> <!-- testScripts.CreateUsersPageTest -->
