<?xml version="1.0" encoding="UTF-8"?>
<!-- Generated by org.testng.reporters.JUnitReportReporter -->
<testsuite hostname="DESKTOP-ELU3M4T" failures="0" tests="4" name="testScripts.LoginPageTest" time="37.023" errors="0" timestamp="2024-08-29T19:35:53 IST" skipped="0">
  <testcase classname="testScripts.LoginPageTest" name="verifyUserLoginWithInvalidCredentials" time="9.784"/>
  <testcase classname="testScripts.LoginPageTest" name="verifyValidUserLogin" time="11.025"/>
  <testcase classname="testScripts.LoginPageTest" name="verifyUserLoginWithInvalidCredentials" time="6.653"/>
  <testcase classname="testScripts.LoginPageTest" name="verifyUserLoginWithInvalidCredentials" time="9.561"/>
</testsuite> <!-- testScripts.LoginPageTest -->
