<?xml version="1.0" encoding="UTF-8"?>
<!-- Generated by org.testng.reporters.JUnitReportReporter -->
<testsuite hostname="DESKTOP-ELU3M4T" failures="0" tests="1" name="testScripts.ResetPageTest" time="13.912" errors="0" timestamp="2024-08-21T17:54:32 IST" skipped="0">
  <testcase classname="testScripts.ResetPageTest" name="verifyResetPasswordWithExistingUserEmail" time="13.912"/>
</testsuite> <!-- testScripts.ResetPageTest -->
