<?xml version="1.0" encoding="UTF-8"?>
<!-- Generated by org.testng.reporters.JUnitReportReporter -->
<testsuite hostname="DESKTOP-ELU3M4T" failures="0" tests="4" name="testScripts.LoginPageTest" time="36.419" errors="0" timestamp="2024-09-10T20:33:47 IST" skipped="0">
  <testcase classname="testScripts.LoginPageTest" name="verifyValidUserLogin" time="9.706"/>
  <testcase classname="testScripts.LoginPageTest" name="verifyUserLoginWithInvalidCredentials" time="9.705"/>
  <testcase classname="testScripts.LoginPageTest" name="verifyUserLoginWithInvalidCredentials" time="7.895"/>
  <testcase classname="testScripts.LoginPageTest" name="verifyUserLoginWithInvalidCredentials" time="9.113"/>
</testsuite> <!-- testScripts.LoginPageTest -->
