<?xml version="1.0" encoding="UTF-8"?>
<!-- Generated by org.testng.reporters.JUnitReportReporter -->
<testsuite hostname="DESKTOP-ELU3M4T" failures="0" tests="1" name="testScripts.PasswordResetPageTest" time="16.115" errors="0" timestamp="2024-08-22T18:54:39 IST" skipped="0">
  <testcase classname="testScripts.PasswordResetPageTest" name="verifyResetPasswordWithExistingUserEmail" time="16.115"/>
</testsuite> <!-- testScripts.PasswordResetPageTest -->
