<?xml version="1.0" encoding="UTF-8"?>
<!-- Generated by org.testng.reporters.JUnitReportReporter -->
<testsuite hostname="DESKTOP-ELU3M4T" failures="0" tests="2" name="testScripts.CreateUsersPageTest" time="73.436" errors="0" timestamp="2024-08-27T21:04:14 IST" skipped="0">
  <testcase classname="testScripts.CreateUsersPageTest" name="verifyAddNewUser" time="29.792"/>
  <testcase classname="testScripts.CreateUsersPageTest" name="verifyLoginWithNewlyAddedUser" time="43.644"/>
</testsuite> <!-- testScripts.CreateUsersPageTest -->
