<?xml version="1.0" encoding="UTF-8"?>
<!-- Generated by org.testng.reporters.JUnitReportReporter -->
<testsuite hostname="DESKTOP-ELU3M4T" failures="0" tests="1" name="testScripts.HomePageTest" time="18.281" errors="0" timestamp="2024-08-30T14:24:42 IST" skipped="0">
  <testcase classname="testScripts.HomePageTest" name="verifyUserLoginDate" time="18.281"/>
</testsuite> <!-- testScripts.HomePageTest -->
