<?xml version="1.0" encoding="UTF-8"?>
<!-- Generated by org.testng.reporters.JUnitReportReporter -->
<testsuite hostname="DESKTOP-ELU3M4T" failures="0" tests="1" name="testScripts.UsersPageTest" time="30.945" errors="0" timestamp="2024-09-10T10:26:50 IST" skipped="0">
  <testcase classname="testScripts.UsersPageTest" name="verifyDeleteUser" time="30.945"/>
</testsuite> <!-- testScripts.UsersPageTest -->
