<?xml version="1.0" encoding="UTF-8"?>
<!-- Generated by org.testng.reporters.JUnitReportReporter -->
<testsuite hostname="DESKTOP-ELU3M4T" failures="0" tests="1" name="testScripts.HomePageTest" time="13.494" errors="0" timestamp="2024-09-09T21:30:46 IST" skipped="0">
  <testcase classname="testScripts.HomePageTest" name="verifyUserLoginDate" time="13.494"/>
</testsuite> <!-- testScripts.HomePageTest -->
