<?xml version="1.0" encoding="UTF-8"?>
<!-- Generated by org.testng.reporters.JUnitReportReporter -->
<testsuite hostname="DESKTOP-ELU3M4T" failures="0" tests="4" name="testScripts.LoginPageTest" time="49.943" errors="0" timestamp="2024-08-30T14:24:42 IST" skipped="0">
  <testcase classname="testScripts.LoginPageTest" name="verifyUserLoginWithInvalidCredentials" time="19.048"/>
  <testcase classname="testScripts.LoginPageTest" name="verifyValidUserLogin" time="16.563"/>
  <testcase classname="testScripts.LoginPageTest" name="verifyUserLoginWithInvalidCredentials" time="6.877"/>
  <testcase classname="testScripts.LoginPageTest" name="verifyUserLoginWithInvalidCredentials" time="7.455"/>
</testsuite> <!-- testScripts.LoginPageTest -->
