<?xml version="1.0" encoding="UTF-8"?>
<!-- Generated by org.testng.reporters.JUnitReportReporter -->
<testsuite hostname="DESKTOP-ELU3M4T" failures="0" tests="2" name="testScripts.PasswordResetPageTest" time="15.876" errors="0" timestamp="2024-09-10T20:33:47 IST" skipped="0">
  <testcase classname="testScripts.PasswordResetPageTest" name="verifyResetPasswordWithNonExistingUserEmail" time="6.686"/>
  <testcase classname="testScripts.PasswordResetPageTest" name="verifyResetPasswordWithExistingUserEmail" time="9.190"/>
</testsuite> <!-- testScripts.PasswordResetPageTest -->
