<?xml version="1.0" encoding="UTF-8"?>
<!-- Generated by org.testng.reporters.JUnitReportReporter -->
<testsuite hostname="DESKTOP-ELU3M4T" failures="0" tests="1" name="testScripts.CreateUsersPageTest" time="32.820" errors="0" timestamp="2024-08-25T22:07:06 IST" skipped="0">
  <testcase classname="testScripts.CreateUsersPageTest" name="verifyLoginWithNewlyAddedUser" time="32.820"/>
</testsuite> <!-- testScripts.CreateUsersPageTest -->
