<?xml version="1.0" encoding="UTF-8"?>
<!-- Generated by org.testng.reporters.JUnitReportReporter -->
<testsuite hostname="DESKTOP-ELU3M4T" failures="0" tests="2" name="testScripts.ResetPageTest" time="34.055" errors="0" timestamp="2024-08-16T16:19:44 IST" skipped="0">
  <testcase classname="testScripts.ResetPageTest" name="verifyResetPasswordWithExistingUserEmail" time="17.434"/>
  <testcase classname="testScripts.ResetPageTest" name="verifyResetPasswordWithNonExistingUserEmail" time="16.621"/>
</testsuite> <!-- testScripts.ResetPageTest -->
