<?xml version="1.0" encoding="UTF-8"?>
<!-- Generated by org.testng.reporters.JUnitReportReporter -->
<testsuite hostname="DESKTOP-ELU3M4T" failures="0" tests="2" name="testScripts.UsersPageTest" time="56.634" errors="0" timestamp="2024-08-30T13:03:35 IST" skipped="0">
  <testcase classname="testScripts.UsersPageTest" name="verifyViewUser" time="21.054"/>
  <testcase classname="testScripts.UsersPageTest" name="verifyDeleteUser" time="35.580"/>
</testsuite> <!-- testScripts.UsersPageTest -->
