<?xml version="1.0" encoding="UTF-8"?>
<!-- Generated by org.testng.reporters.JUnitReportReporter -->
<testsuite hostname="DESKTOP-ELU3M4T" failures="0" tests="2" name="testScripts.UsersPageTest" time="64.804" errors="0" timestamp="2024-08-27T21:28:25 IST" skipped="0">
  <testcase classname="testScripts.UsersPageTest" name="verifyDeleteUser" time="38.550"/>
  <testcase classname="testScripts.UsersPageTest" name="verifyViewUser" time="26.254"/>
</testsuite> <!-- testScripts.UsersPageTest -->
