<?xml version="1.0" encoding="UTF-8"?>
<!-- Generated by org.testng.reporters.JUnitReportReporter -->
<testsuite hostname="DESKTOP-ELU3M4T" failures="0" tests="1" name="testScripts.ImportContactsPageTest" time="10.019" errors="0" timestamp="2024-09-03T21:01:44 IST" skipped="0">
  <testcase classname="testScripts.ImportContactsPageTest" name="verifyImportCustomerContacts" time="10.019"/>
</testsuite> <!-- testScripts.ImportContactsPageTest -->
