<?xml version="1.0" encoding="UTF-8"?>
<!-- Generated by org.testng.reporters.JUnitReportReporter -->
<testsuite hostname="DESKTOP-ELU3M4T" failures="0" tests="4" name="testScripts.LoginPageTest" time="93.586" errors="0" timestamp="2024-08-27T21:09:47 IST" skipped="0">
  <testcase classname="testScripts.LoginPageTest" name="verifyUserLoginWithInvalidCredentials" time="36.981"/>
  <testcase classname="testScripts.LoginPageTest" name="verifyUserLoginWithInvalidCredentials" time="32.902"/>
  <testcase classname="testScripts.LoginPageTest" name="verifyValidUserLogin" time="11.696"/>
  <testcase classname="testScripts.LoginPageTest" name="verifyUserLoginWithInvalidCredentials" time="12.007"/>
</testsuite> <!-- testScripts.LoginPageTest -->
