<?xml version="1.0" encoding="UTF-8"?>
<!-- Generated by org.testng.reporters.JUnitReportReporter -->
<testsuite hostname="DESKTOP-ELU3M4T" failures="0" tests="1" name="testScripts.ImportContactsPageTest" time="17.254" errors="0" timestamp="2024-08-26T11:42:48 IST" skipped="0">
  <testcase classname="testScripts.ImportContactsPageTest" name="verifyImportCustomerContacts" time="17.254"/>
</testsuite> <!-- testScripts.ImportContactsPageTest -->
