<?xml version="1.0" encoding="UTF-8"?>
<!-- Generated by org.testng.reporters.JUnitReportReporter -->
<testsuite hostname="DESKTOP-ELU3M4T" failures="0" tests="1" name="testScripts.UsersPageTest" time="18.938" errors="0" timestamp="2024-09-03T20:09:17 IST" skipped="0">
  <testcase classname="testScripts.UsersPageTest" name="verifyViewUser" time="18.938"/>
</testsuite> <!-- testScripts.UsersPageTest -->
