<?xml version="1.0" encoding="UTF-8"?>
<!-- Generated by org.testng.reporters.JUnitReportReporter -->
<testsuite hostname="DESKTOP-ELU3M4T" failures="0" tests="2" name="testScripts.PasswordResetPageTest" time="31.697" errors="0" timestamp="2024-08-27T21:27:07 IST" skipped="0">
  <testcase classname="testScripts.PasswordResetPageTest" name="verifyResetPasswordWithExistingUserEmail" time="14.330"/>
  <testcase classname="testScripts.PasswordResetPageTest" name="verifyResetPasswordWithNonExistingUserEmail" time="17.367"/>
</testsuite> <!-- testScripts.PasswordResetPageTest -->
