<?xml version="1.0" encoding="UTF-8"?>
<!-- Generated by org.testng.reporters.JUnitReportReporter -->
<testsuite hostname="DESKTOP-ELU3M4T" failures="0" tests="1" name="testScripts.UserProfilePageTest" time="26.240" errors="0" timestamp="2024-09-03T12:10:23 IST" skipped="0">
  <testcase classname="testScripts.UserProfilePageTest" name="verifyEditProfile" time="26.240"/>
</testsuite> <!-- testScripts.UserProfilePageTest -->
