<?xml version="1.0" encoding="UTF-8"?>
<!-- Generated by org.testng.reporters.JUnitReportReporter -->
<testsuite hostname="DESKTOP-ELU3M4T" failures="0" tests="1" name="testScripts.UsersPageTest" time="40.562" errors="0" timestamp="2024-08-26T10:59:55 IST" skipped="0">
  <testcase classname="testScripts.UsersPageTest" name="verifyDeleteUser" time="40.562"/>
</testsuite> <!-- testScripts.UsersPageTest -->
