<?xml version="1.0" encoding="UTF-8"?>
<!-- Generated by org.testng.reporters.JUnitReportReporter -->
<testsuite hostname="DESKTOP-ELU3M4T" failures="0" tests="3" name="testScripts.LoginPageTest" time="40.954" errors="0" timestamp="2024-08-16T15:52:08 IST" skipped="0">
  <testcase classname="testScripts.LoginPageTest" name="verifyUserLoginWithInvalidCredentials" time="15.664"/>
  <testcase classname="testScripts.LoginPageTest" name="verifyUserLoginWithInvalidCredentials" time="14.661"/>
  <testcase classname="testScripts.LoginPageTest" name="verifyUserLoginWithInvalidCredentials" time="10.629"/>
</testsuite> <!-- testScripts.LoginPageTest -->
