<?xml version="1.0" encoding="UTF-8"?>
<!-- Generated by org.testng.reporters.JUnitReportReporter -->
<testsuite hostname="DESKTOP-ELU3M4T" failures="0" tests="2" name="testScripts.CreateUsersPageTest" time="79.294" errors="0" timestamp="2024-09-10T19:52:55 IST" skipped="0">
  <testcase classname="testScripts.CreateUsersPageTest" name="verifyAddNewUser" time="37.734"/>
  <testcase classname="testScripts.CreateUsersPageTest" name="verifyLoginWithNewlyAddedUser" time="41.560"/>
</testsuite> <!-- testScripts.CreateUsersPageTest -->
