<?xml version="1.0" encoding="UTF-8"?>
<!-- Generated by org.testng.reporters.JUnitReportReporter -->
<testsuite hostname="DESKTOP-ELU3M4T" failures="0" tests="2" name="testScripts.CreateUsersPageTest" time="104.746" errors="0" timestamp="2024-08-30T13:03:35 IST" skipped="0">
  <testcase classname="testScripts.CreateUsersPageTest" name="verifyAddNewUser" time="53.921"/>
  <testcase classname="testScripts.CreateUsersPageTest" name="verifyLoginWithNewlyAddedUser" time="50.825"/>
</testsuite> <!-- testScripts.CreateUsersPageTest -->
