<?xml version="1.0" encoding="UTF-8"?>
<!-- Generated by org.testng.reporters.JUnitReportReporter -->
<testsuite hostname="DESKTOP-ELU3M4T" failures="0" tests="1" name="testScripts.HomePageTest" time="11.690" errors="0" timestamp="2024-08-29T19:35:53 IST" skipped="0">
  <testcase classname="testScripts.HomePageTest" name="verifyUserLoginDate" time="11.690"/>
</testsuite> <!-- testScripts.HomePageTest -->
