<?xml version="1.0" encoding="UTF-8"?>
<!-- Generated by org.testng.reporters.JUnitReportReporter -->
<testsuite hostname="DESKTOP-ELU3M4T" failures="0" tests="2" name="testScripts.PasswordResetPageTest" time="24.945" errors="0" timestamp="2024-08-30T13:03:35 IST" skipped="0">
  <testcase classname="testScripts.PasswordResetPageTest" name="verifyResetPasswordWithExistingUserEmail" time="13.094"/>
  <testcase classname="testScripts.PasswordResetPageTest" name="verifyResetPasswordWithNonExistingUserEmail" time="11.851"/>
</testsuite> <!-- testScripts.PasswordResetPageTest -->
