<?xml version="1.0" encoding="UTF-8"?>
<!-- Generated by org.testng.reporters.JUnitReportReporter -->
<testsuite hostname="DESKTOP-ELU3M4T" failures="0" tests="1" name="testScripts.ImportContactsPageTest" time="15.024" errors="0" timestamp="2024-09-10T20:33:47 IST" skipped="0">
  <testcase classname="testScripts.ImportContactsPageTest" name="verifyImportCustomerContacts" time="15.024"/>
</testsuite> <!-- testScripts.ImportContactsPageTest -->
