<?xml version="1.0" encoding="UTF-8"?>
<!-- Generated by org.testng.reporters.JUnitReportReporter -->
<testsuite hostname="DESKTOP-ELU3M4T" failures="0" tests="1" name="testScripts.UsersPageTest" time="41.190" errors="0" timestamp="2024-09-03T11:20:37 IST" skipped="0">
  <testcase classname="testScripts.UsersPageTest" name="verifyDeleteUser" time="41.190"/>
</testsuite> <!-- testScripts.UsersPageTest -->
