<?xml version="1.0" encoding="UTF-8"?>
<!-- Generated by org.testng.reporters.JUnitReportReporter -->
<testsuite hostname="DESKTOP-ELU3M4T" failures="0" tests="1" name="testScripts.CreateUsersPageTest" time="34.582" errors="0" timestamp="2024-09-03T20:15:16 IST" skipped="0">
  <testcase classname="testScripts.CreateUsersPageTest" name="verifyAddNewUser" time="34.582"/>
</testsuite> <!-- testScripts.CreateUsersPageTest -->
