<?xml version="1.0" encoding="UTF-8"?>
<!-- Generated by org.testng.reporters.JUnitReportReporter -->
<testsuite hostname="DESKTOP-ELU3M4T" failures="0" tests="2" name="testScripts.UsersPageTest" time="49.976" errors="0" timestamp="2024-09-10T20:33:47 IST" skipped="0">
  <testcase classname="testScripts.UsersPageTest" name="verifyDeleteUser" time="35.118"/>
  <testcase classname="testScripts.UsersPageTest" name="verifyViewUser" time="14.858"/>
</testsuite> <!-- testScripts.UsersPageTest -->
