<?xml version="1.0" encoding="UTF-8"?>
<!-- Generated by org.testng.reporters.JUnitReportReporter -->
<testsuite hostname="DESKTOP-ELU3M4T" failures="0" tests="2" name="testScripts.PasswordResetPageTest" time="13.999" errors="0" timestamp="2024-08-30T15:53:52 IST" skipped="0">
  <testcase classname="testScripts.PasswordResetPageTest" name="verifyResetPasswordWithNonExistingUserEmail" time="8.503"/>
  <testcase classname="testScripts.PasswordResetPageTest" name="verifyResetPasswordWithExistingUserEmail" time="5.496"/>
</testsuite> <!-- testScripts.PasswordResetPageTest -->
