<?xml version="1.0" encoding="UTF-8"?>
<!-- Generated by org.testng.reporters.JUnitReportReporter -->
<testsuite hostname="DESKTOP-ELU3M4T" failures="0" tests="2" name="testScripts.CreateUsersPageTest" time="75.669" errors="0" timestamp="2024-08-30T15:53:52 IST" skipped="0">
  <testcase classname="testScripts.CreateUsersPageTest" name="verifyLoginWithNewlyAddedUser" time="39.634"/>
  <testcase classname="testScripts.CreateUsersPageTest" name="verifyAddNewUser" time="36.035"/>
</testsuite> <!-- testScripts.CreateUsersPageTest -->
